TN:
SF:tests/utils/db.utils.js
FN:13,(anonymous_0)
FN:17,(anonymous_1)
FN:57,(anonymous_2)
FNF:3
FNH:3
FNDA:2,(anonymous_0)
FNDA:2,(anonymous_1)
FNDA:2,(anonymous_2)
DA:1,2
DA:2,2
DA:5,2
DA:7,2
DA:13,2
DA:15,2
DA:16,2
DA:18,2
DA:19,2
DA:22,2
DA:23,1
DA:35,1
DA:36,1
DA:48,0
DA:57,2
DA:58,2
DA:61,2
LF:17
LH:16
BRDA:22,0,0,1
BRDA:22,0,1,1
BRDA:35,1,0,1
BRDA:35,1,1,0
BRF:4
BRH:3
end_of_record
TN:
SF:tests/utils/graphql.utils.js
FN:15,(anonymous_0)
FN:62,(anonymous_1)
FNF:2
FNH:2
FNDA:12,(anonymous_0)
FNDA:12,(anonymous_1)
DA:1,2
DA:2,2
DA:4,2
DA:6,2
DA:15,2
DA:16,12
DA:17,12
DA:20,12
DA:21,12
DA:22,12
DA:26,0
DA:28,0
DA:40,0
DA:41,0
DA:42,0
DA:45,0
DA:47,0
DA:48,0
DA:49,0
DA:50,0
DA:54,0
DA:55,0
DA:62,2
DA:64,12
DA:65,1
DA:66,11
DA:67,0
DA:68,11
DA:69,1
DA:70,10
DA:71,2
DA:73,0
DA:75,2
DA:76,8
DA:77,1
DA:83,7
DA:84,1
DA:85,6
DA:86,1
DA:95,5
DA:96,1
DA:105,4
DA:106,0
DA:115,4
DA:117,2
DA:121,1
DA:123,1
DA:132,2
DA:133,1
DA:142,1
DA:144,1
DA:145,1
DA:146,1
DA:149,0
DA:153,2
LF:55
LH:39
BRDA:4,0,0,2
BRDA:4,0,1,2
BRDA:20,1,0,12
BRDA:20,1,1,0
BRDA:20,2,0,12
BRDA:20,2,1,0
BRDA:34,3,0,0
BRDA:34,3,1,0
BRDA:40,4,0,0
BRDA:40,4,1,0
BRDA:48,5,0,0
BRDA:48,5,1,0
BRDA:64,6,0,1
BRDA:64,6,1,11
BRDA:66,7,0,0
BRDA:66,7,1,11
BRDA:68,8,0,1
BRDA:68,8,1,10
BRDA:70,9,0,2
BRDA:70,9,1,8
BRDA:71,10,0,0
BRDA:71,10,1,2
BRDA:71,11,0,2
BRDA:71,11,1,2
BRDA:76,12,0,1
BRDA:76,12,1,7
BRDA:79,13,0,1
BRDA:79,13,1,0
BRDA:80,14,0,1
BRDA:80,14,1,0
BRDA:81,15,0,1
BRDA:81,15,1,0
BRDA:83,16,0,1
BRDA:83,16,1,6
BRDA:85,17,0,1
BRDA:85,17,1,5
BRDA:95,18,0,1
BRDA:95,18,1,4
BRDA:105,19,0,0
BRDA:105,19,1,4
BRDA:115,20,0,2
BRDA:115,20,1,2
BRDA:117,21,0,1
BRDA:117,21,1,1
BRDA:117,22,0,2
BRDA:117,22,1,2
BRDA:117,22,2,2
BRDA:117,22,3,2
BRDA:117,22,4,2
BRDA:117,22,5,2
BRDA:132,23,0,1
BRDA:132,23,1,1
BRDA:136,24,0,1
BRDA:136,24,1,1
BRDA:137,25,0,1
BRDA:137,25,1,1
BRDA:138,26,0,1
BRDA:138,26,1,0
BRDA:139,27,0,1
BRDA:139,27,1,0
BRDA:142,28,0,1
BRDA:142,28,1,0
BRF:62
BRH:45
end_of_record
TN:
SF:tests/utils/room.utils.js
FN:9,(anonymous_0)
FN:26,(anonymous_1)
FNF:2
FNH:2
FNDA:1,(anonymous_0)
FNDA:1,(anonymous_1)
DA:1,1
DA:4,1
DA:6,1
DA:9,1
DA:10,1
DA:20,1
DA:27,1
DA:29,1
DA:30,1
DA:31,1
DA:34,0
DA:37,0
DA:39,0
DA:50,0
DA:57,0
DA:60,0
DA:61,0
LF:17
LH:10
BRDA:4,0,0,1
BRDA:4,0,1,1
BRDA:29,1,0,1
BRDA:29,1,1,0
BRDA:34,2,0,0
BRDA:34,2,1,0
BRDA:40,3,0,0
BRDA:40,3,1,0
BRDA:45,4,0,0
BRDA:45,4,1,0
BRDA:52,5,0,0
BRDA:52,5,1,0
BRF:12
BRH:3
end_of_record
TN:
SF:tests/utils/user.utils.js
FN:8,(anonymous_0)
FN:55,(anonymous_1)
FN:66,(anonymous_2)
FN:76,(anonymous_3)
FNF:4
FNH:1
FNDA:1,(anonymous_0)
FNDA:0,(anonymous_1)
FNDA:0,(anonymous_2)
FNDA:0,(anonymous_3)
DA:1,2
DA:4,2
DA:7,2
DA:8,2
DA:9,1
DA:11,1
DA:12,1
DA:13,1
DA:28,0
DA:29,0
DA:31,0
DA:33,0
DA:34,0
DA:43,0
DA:47,2
DA:56,0
DA:67,0
DA:77,0
DA:78,0
DA:79,0
DA:80,0
LF:21
LH:9
BRDA:4,0,0,2
BRDA:4,0,1,2
BRDA:11,1,0,1
BRDA:11,1,1,0
BRDA:33,2,0,0
BRDA:33,2,1,0
BRDA:78,3,0,0
BRDA:78,3,1,0
BRDA:78,4,0,0
BRDA:78,4,1,0
BRDA:79,5,0,0
BRDA:79,5,1,0
BRDA:79,6,0,0
BRDA:79,6,1,0
BRF:14
BRH:3
end_of_record
